{"level":"info","ts":1762189977.798631,"caller":"server/main.go:90","msg":"Database connection established successfully"}
{"level":"info","ts":1762189977.798841,"caller":"server/main.go:91","msg":"Connection pool configured: MaxOpen=50, MaxIdle=10, MaxLifetime=10m0s, MaxIdleTime=5m0s"}
{"level":"info","ts":1762189977.7989519,"caller":"services/performance_monitor.go:145","msg":"Performance monitoring started"}
{"level":"info","ts":1762189977.7989912,"caller":"observability/dynatrace_manager.go:30","msg":"Dynatrace environment variables not set, disabling Dynatrace integration."}
{"level":"info","ts":1762189977.799037,"caller":"services/performance_monitor.go:436","msg":"pprof endpoints available at /debug/pprof/"}
{"level":"warn","ts":1762189977.8089228,"caller":"server/main.go:144","msg":"Warning: Failed to create views table: ERROR: cannot drop index ux_views_tenant_ds_name because constraint ux_views_tenant_ds_name on table views requires it (SQLSTATE 2BP01)"}
{"level":"info","ts":1762189977.809946,"caller":"server/main.go:172","msg":"Ensured fabric_defn table exists"}
{"level":"warn","ts":1762189977.810459,"caller":"server/main.go:182","msg":"Warning: Failed to initialize private markets schema: failed to read private markets schema file: open internal/api/private_markets_schema.sql: no such file or directory"}
{"level":"info","ts":1762189977.814772,"caller":"server/main.go:257","msg":"Ensured entity_registry table exists"}
{"level":"info","ts":1762189977.815901,"caller":"server/main.go:307","msg":"Ensured validation rules tables exist"}
{"level":"info","ts":1762189977.8170319,"caller":"server/main.go:376","msg":"Ensured metric registry tables exist"}
2025/11/03 12:12:57 INFO  No logger configured for temporal client. Created default one.
[ROUTES-DUMP-START]
[ROUTE] POST /_debug/validation-rules-proxy
[ROUTE] GET /_routes
[ROUTE] GET /api/_debug/amqp-metrics
[ROUTE] POST /api/_debug/publish-event
[ROUTE] POST /api/_debug/validation-rules-proxy
[ROUTE] GET /api/_health/amqp
[ROUTE] POST /api/abbreviations/expand
[ROUTE] GET /api/abbreviations/expand
[ROUTE] POST /api/abbreviations/validate
[ROUTE] POST /api/abbreviations/
[ROUTE] GET /api/abbreviations/
[ROUTE] GET /api/abbreviations/{id}/
[ROUTE] PUT /api/abbreviations/{id}/
[ROUTE] DELETE /api/abbreviations/{id}/
[ROUTE] POST /api/ai/field-recommendations
[ROUTE] POST /api/ai/generate-layout
[ROUTE] GET /api/ai/layouts
[ROUTE] POST /api/ai/mark-adopted
[ROUTE] POST /api/analytics/layout
[ROUTE] POST /api/api/v1/timeouts
[ROUTE] GET /api/api/v1/timeouts/pending
[ROUTE] POST /api/api/v1/timeouts/{id}/escalate
[ROUTE] POST /api/api/v1/triggers
[ROUTE] GET /api/api/v1/triggers
[ROUTE] GET /api/api/v1/triggers/events
[ROUTE] GET /api/api/v1/triggers/executions
[ROUTE] GET /api/api/v1/triggers/objects
[ROUTE] GET /api/api/v1/triggers/operators
[ROUTE] GET /api/api/v1/triggers/types
[ROUTE] PUT /api/api/v1/triggers/{id}
[ROUTE] DELETE /api/api/v1/triggers/{id}
[ROUTE] POST /api/auth/login
[ROUTE] POST /api/auth/logout
[ROUTE] GET /api/auth/me
[ROUTE] POST /api/auth/refresh
[ROUTE] POST /api/auth/register
[ROUTE] POST /api/bp/start-execution
[ROUTE] POST /api/bundles/
[ROUTE] GET /api/bundles/
[ROUTE] PUT /api/bundles/{bundleID}/
[ROUTE] GET /api/bundles/{bundleID}/
[ROUTE] POST /api/bundles/{bundleID}/certify
[ROUTE] POST /api/bundles/{bundleID}/deprecate
[ROUTE] PUT /api/bundles/{bundleID}/policies
[ROUTE] POST /api/bundles/{bundleID}/publish
[ROUTE] GET /api/business-term
[ROUTE] GET /api/business-term-edges
[ROUTE] POST /api/business-term-edges
[ROUTE] DELETE /api/business-term-edges
[ROUTE] GET /api/business-term-edges-test
[ROUTE] DELETE /api/business-term-edges/{id}
[ROUTE] POST /api/business-term/suggestion-feedback
[ROUTE] POST /api/business-term/suggestions
[ROUTE] POST /api/business-terms
[ROUTE] GET /api/business-terms
[ROUTE] POST /api/business-terms/search
[ROUTE] PUT /api/business-terms/{id}
[ROUTE] DELETE /api/business-terms/{id}
[ROUTE] POST /api/calc/run
[ROUTE] POST /api/calc/vectorized
[ROUTE] GET /api/catalog/nodes
[ROUTE] POST /api/catalog/scan
[ROUTE] GET /api/catalog/tables
[ROUTE] PUT /api/crud
[ROUTE] DELETE /api/crud
[ROUTE] POST /api/crud
[ROUTE] GET /api/custom-components
[ROUTE] POST /api/custom-components
[ROUTE] GET /api/custom-components/export
[ROUTE] POST /api/custom-components/import
[ROUTE] POST /api/custom-components/test-api
[ROUTE] DELETE /api/custom-components/{id}
[ROUTE] GET /api/custom-components/{id}
[ROUTE] PUT /api/custom-components/{id}
[ROUTE] POST /api/dashboards/
[ROUTE] GET /api/dashboards/public
[ROUTE] GET /api/dashboards/templates
[ROUTE] GET /api/dashboards/user/{userId}
[ROUTE] GET /api/dashboards/{id}
[ROUTE] PUT /api/dashboards/{id}
[ROUTE] DELETE /api/dashboards/{id}
[ROUTE] POST /api/dashboards/{id}/duplicate
[ROUTE] GET /api/data-domains/
[ROUTE] POST /api/data-domains/
[ROUTE] GET /api/data-domains/search
[ROUTE] GET /api/data-domains/{id}/
[ROUTE] PUT /api/data-domains/{id}/
[ROUTE] DELETE /api/data-domains/{id}/
[ROUTE] GET /api/dax/categories
[ROUTE] POST /api/dax/execute
[ROUTE] GET /api/dax/functions
[ROUTE] GET /api/dax/functions/{functionName}
[ROUTE] GET /api/edge-types
[ROUTE] POST /api/edge-types
[ROUTE] PATCH /api/edge-types/{id}
[ROUTE] DELETE /api/edge-types/{id}
[ROUTE] GET /api/edge-types/{id}
[ROUTE] GET /api/edge-types/{id}/properties
[ROUTE] POST /api/edge-types/{id}/properties
[ROUTE] PATCH /api/edge-types/{id}/properties/{propName}
[ROUTE] DELETE /api/edge-types/{id}/properties/{propName}
[ROUTE] GET /api/employees
[ROUTE] POST /api/employees
[ROUTE] GET /api/entities
[ROUTE] GET /api/entities/{name}
[ROUTE] GET /api/entity-schema
[ROUTE] POST /api/entity-schema
[ROUTE] GET /api/entity_registry
[ROUTE] POST /api/entity_registry
[ROUTE] PUT /api/entity_registry/{entity_name}
[ROUTE] POST /api/events
[ROUTE] GET /api/events
[ROUTE] POST /api/fabric/cubes/generate-from-table
[ROUTE] GET /api/fabric/extensions
[ROUTE] POST /api/fabric/extensions
[ROUTE] GET /api/fabric/extensions/compatibility-report
[ROUTE] GET /api/fabric/joins/{datasourceId}
[ROUTE] GET /api/fabric/joins/{datasourceId}/table/{tableName}
[ROUTE] GET /api/fabric/models
[ROUTE] GET /api/fabric/models/definition
[ROUTE] POST /api/fabric/models/generate
[ROUTE] POST /api/fabric/models/generate-defaults
[ROUTE] POST /api/fabric/models/metadata
[ROUTE] POST /api/fabric/models/validate
[ROUTE] GET /api/funds
[ROUTE] GET /api/glossary/business-terms
[ROUTE] GET /api/glossary/edges
[ROUTE] POST /api/glossary/edges
[ROUTE] GET /api/glossary/semantic-terms
[ROUTE] POST /api/glossary/terms
[ROUTE] DELETE /api/glossary/terms/{id}
[ROUTE] PUT /api/glossary/terms/{id}
[ROUTE] GET /api/ip-whitelist
[ROUTE] GET /api/marketplace/items
[ROUTE] POST /api/marketplace/items/add-to-tenant
[ROUTE] GET /api/marketplace/items/{id}
[ROUTE] GET /api/marketplace/items/{id}/feedback
[ROUTE] POST /api/marketplace/items/{id}/feedback
[ROUTE] GET /api/marketplace/items/{id}/parameters
[ROUTE] GET /api/marketplace/tenant-items
[ROUTE] PUT /api/marketplace/tenant-items/{id}
[ROUTE] DELETE /api/marketplace/tenant-items/{id}
[ROUTE] GET /api/marketplace/tenant-items/{id}
[ROUTE] GET /api/marketplace/validation-rules
[ROUTE] GET /api/metadata/{datasourceId}
[ROUTE] PUT /api/metrics
[ROUTE] HEAD /api/metrics
[ROUTE] TRACE /api/metrics
[ROUTE] POST /api/metrics
[ROUTE] OPTIONS /api/metrics
[ROUTE] CONNECT /api/metrics
[ROUTE] PATCH /api/metrics
[ROUTE] GET /api/metrics
[ROUTE] DELETE /api/metrics
[ROUTE] GET /api/metrics-registry/
[ROUTE] GET /api/metrics-registry/golden-path/readiness
[ROUTE] POST /api/metrics-registry/refresh-atomic
[ROUTE] GET /api/metrics-registry/{metricID}
[ROUTE] POST /api/metrics-registry/{metricID}/compute-comparisons
[ROUTE] POST /api/metrics-registry/{metricID}/compute-pop
[ROUTE] POST /api/metrics-registry/{metricID}/detect-anomalies
[ROUTE] GET /api/metrics-registry/{metricID}/history
[ROUTE] POST /api/metrics-registry/{metricID}/promote-golden
[ROUTE] GET /api/metrics/{fundId}
[ROUTE] GET /api/micro-bundles
[ROUTE] POST /api/micro-bundles
[ROUTE] GET /api/micro-bundles/{id}
[ROUTE] GET /api/models
[ROUTE] POST /api/models/clone
[ROUTE] POST /api/models/custom
[ROUTE] POST /api/models/generated
[ROUTE] GET /api/models/{model_id}
[ROUTE] PATCH /api/models/{model_id}
[ROUTE] DELETE /api/models/{model_id}
[ROUTE] POST /api/node-types
[ROUTE] GET /api/node-types
[ROUTE] PATCH /api/node-types/{id}
[ROUTE] DELETE /api/node-types/{id}
[ROUTE] GET /api/node-types/{id}
[ROUTE] POST /api/node-types/{id}/properties
[ROUTE] GET /api/node-types/{id}/properties
[ROUTE] PATCH /api/node-types/{id}/properties/{propName}
[ROUTE] DELETE /api/node-types/{id}/properties/{propName}
[ROUTE] GET /api/policies
[ROUTE] POST /api/policies
[ROUTE] POST /api/policies/simulate
[ROUTE] GET /api/policies/{id}
[ROUTE] DELETE /api/policies/{id}
[ROUTE] POST /api/profiler/profile
[ROUTE] GET /api/profiler/results
[ROUTE] GET /api/profiler/status/{jobId}
[ROUTE] POST /api/publish/validate
[ROUTE] POST /api/relationships/apply
[ROUTE] GET /api/relationships/objects
[ROUTE] GET /api/relationships/suggestions
[ROUTE] POST /api/relationships/suggestions/dismiss
[ROUTE] GET /api/roles/
[ROUTE] POST /api/roles/
[ROUTE] GET /api/roles/{roleName}/
[ROUTE] PUT /api/roles/{roleName}/
[ROUTE] DELETE /api/roles/{roleName}/
[ROUTE] POST /api/roles/{roleName}/bundles
[ROUTE] GET /api/roles/{roleName}/bundles
[ROUTE] DELETE /api/roles/{roleName}/bundles/{bundleID}
[ROUTE] GET /api/semantic-mappings
[ROUTE] POST /api/semantic-mappings/apply-custom
[ROUTE] POST /api/semantic-mappings/business-term-edges
[ROUTE] POST /api/semantic-mappings/edges
[ROUTE] POST /api/semantic-mappings/enhanced-match
[ROUTE] POST /api/semantic-mappings/ignore
[ROUTE] POST /api/semantic-mappings/replace
[ROUTE] POST /api/semantic-mappings/upsert-business-term-edge
[ROUTE] GET /api/semantic-terms
[ROUTE] POST /api/semantic-terms
[ROUTE] POST /api/semantic-terms/search
[ROUTE] GET /api/semantic-terms/{id}/suggest-business-terms
[ROUTE] GET /api/semantic/bundles/{domain}
[ROUTE] GET /api/semantic/objects
[ROUTE] POST /api/templates
[ROUTE] GET /api/templates
[ROUTE] GET /api/templates/{node_id}
[ROUTE] POST /api/templates/{node_id}/promote
[ROUTE] GET /api/templates/{node_id}/versions
[ROUTE] POST /api/temporal
[ROUTE] GET /api/tenants
[ROUTE] PATCH /api/tenants/{tenant_id}/datasources/{datasource_id}/models/{model_id}
[ROUTE] GET /api/tenants/{tenantId}/ip-whitelist
[ROUTE] POST /api/tenants/{tenantId}/ip-whitelist
[ROUTE] DELETE /api/tenants/{tenantId}/ip-whitelist
[ROUTE] GET /api/user/{id}
[ROUTE] GET /api/validation-rules
[ROUTE] POST /api/validation-rules
[ROUTE] POST /api/validation-rules/execute-batch
[ROUTE] GET /api/validation-rules/{id}
[ROUTE] PATCH /api/validation-rules/{id}
[ROUTE] DELETE /api/validation-rules/{id}
[ROUTE] GET /api/validation-rules/{id}/audit
[ROUTE] POST /api/validation-rules/{id}/execute
[ROUTE] GET /api/views
[ROUTE] POST /api/views
[ROUTE] POST /api/views/apply
[ROUTE] GET /api/views/compare
[ROUTE] POST /api/views/reject
[ROUTE] POST /api/views/validate
[ROUTE] PUT /api/views/{name}
[ROUTE] DELETE /api/views/{name}
[ROUTE] GET /api/views/{name}
[ROUTE] GET /api/views/{name}/download
[ROUTE] GET /api/views/{name}/suggestions
[ROUTE] GET /api/views/{name}/validate
[ROUTE] GET /api/workflow-timeout-triggers/
[ROUTE] POST /api/workflow-timeout-triggers/
[ROUTE] PUT /api/workflow-timeout-triggers/{triggerId}/
[ROUTE] DELETE /api/workflow-timeout-triggers/{triggerId}/
[ROUTE] GET /api/workflow-timeout-triggers/{triggerId}/
[ROUTE] POST /api/workflow-timeout-triggers/{triggerId}/test
[ROUTE] GET /api/ws
[ROUTE] POST /api/ws/token
[ROUTE] GET /health
[ROUTE] GET /layouts
[ROUTE] POST /layouts
[ROUTE] DELETE /layouts/{id}
[ROUTE] GET /layouts/{id}
[ROUTES-DUMP-END]
{"level":"info","ts":1762189977.849241,"caller":"server/main.go:390","msg":"Insurance calculation templates initialized successfully"}
{"level":"info","ts":1762189977.862005,"caller":"server/main.go:397","msg":"Private markets calculation templates initialized successfully"}
{"level":"info","ts":1762189977.868764,"caller":"server/main.go:404","msg":"Quant finance calculation templates initialized successfully"}
{"level":"info","ts":1762189977.876093,"caller":"server/main.go:411","msg":"Risk management calculation templates initialized successfully"}
{"level":"warn","ts":1762189977.882071,"caller":"api/api.go:483","msg":"Temporal client not available at startup: failed reaching server: connection error: desc = \"transport: Error while dialing: dial tcp 127.0.0.1:7233: connect: connection refused\""}
{"level":"info","ts":1762189977.8822982,"caller":"server/main.go:418","msg":"Compliance and regulatory calculation templates initialized successfully"}
{"level":"info","ts":1762189977.882314,"caller":"api/api.go:557","msg":"Temporal admin routes registered"}
{"level":"warn","ts":1762189977.8823302,"caller":"server/main.go:452","msg":"Dynatrace URL and API token not configured - capacity metrics collection disabled"}
{"level":"info","ts":1762189977.8823528,"caller":"server/main.go:487","msg":"Server starting on http://localhost:8085"}
{"level":"info","ts":1762189977.882366,"caller":"server/main.go:488","msg":"Swagger UI available at: http://localhost:8085/swagger/index.html"}
[REQ] GET /api/edge-types Headers:Content-Type=,Authorization=,Origin=,X-Tenant-ID=910638ba-a459-4a3f-bb2d-78391b0595f6,X-Tenant-Datasource-ID=982aef38-418f-46dc-acd0-35fe8f3b97b0 Body:
{"level":"info","ts":1762189993.617837,"caller":"audit/service.go:116","msg":"Audit event logged","event_id":"81e2b4ad-b2e0-46e5-a169-3a0797713695","event_type":"data_access","user_id":"anonymous","resource_type":"api_endpoint","resource_id":"/api/edge-types"}
Request completed in 4.839709ms
[REQ] GET /api/node-types Headers:Content-Type=,Authorization=,Origin=,X-Tenant-ID=,X-Tenant-Datasource-ID= Body:
{"level":"info","ts":1762190008.816169,"caller":"audit/service.go:116","msg":"Audit event logged","event_id":"9f812603-7b82-408f-8039-77d0c5b56884","event_type":"data_access","user_id":"anonymous","resource_type":"api_endpoint","resource_id":"/api/node-types"}
Request completed in 8.767667ms
{"level":"info","ts":1762190037.800521,"caller":"services/performance_monitor.go:360","msg":"Performance Stats: requests=0, avg_duration=0s, cache_hit_rate=0.00%, active=0, errors=0"}
{"level":"info","ts":1762190097.803383,"caller":"services/performance_monitor.go:360","msg":"Performance Stats: requests=0, avg_duration=0s, cache_hit_rate=0.00%, active=0, errors=0"}
{"level":"info","ts":1762190157.803158,"caller":"services/performance_monitor.go:360","msg":"Performance Stats: requests=0, avg_duration=0s, cache_hit_rate=0.00%, active=0, errors=0"}
{"level":"info","ts":1762190217.803633,"caller":"services/performance_monitor.go:360","msg":"Performance Stats: requests=0, avg_duration=0s, cache_hit_rate=0.00%, active=0, errors=0"}
{"level":"info","ts":1762190277.800759,"caller":"services/performance_monitor.go:360","msg":"Performance Stats: requests=0, avg_duration=0s, cache_hit_rate=0.00%, active=0, errors=0"}
{"level":"info","ts":1762190337.802013,"caller":"services/performance_monitor.go:360","msg":"Performance Stats: requests=0, avg_duration=0s, cache_hit_rate=0.00%, active=0, errors=0"}
{"level":"info","ts":1762190397.803842,"caller":"services/performance_monitor.go:360","msg":"Performance Stats: requests=0, avg_duration=0s, cache_hit_rate=0.00%, active=0, errors=0"}
{"level":"info","ts":1762190457.80203,"caller":"services/performance_monitor.go:360","msg":"Performance Stats: requests=0, avg_duration=0s, cache_hit_rate=0.00%, active=0, errors=0"}
{"level":"info","ts":1762190517.803882,"caller":"services/performance_monitor.go:360","msg":"Performance Stats: requests=0, avg_duration=0s, cache_hit_rate=0.00%, active=0, errors=0"}
{"level":"info","ts":1762190577.8039749,"caller":"services/performance_monitor.go:360","msg":"Performance Stats: requests=0, avg_duration=0s, cache_hit_rate=0.00%, active=0, errors=0"}
{"level":"info","ts":1762190637.8043652,"caller":"services/performance_monitor.go:360","msg":"Performance Stats: requests=0, avg_duration=0s, cache_hit_rate=0.00%, active=0, errors=0"}
{"level":"info","ts":1762191668.542376,"caller":"services/performance_monitor.go:360","msg":"Performance Stats: requests=0, avg_duration=0s, cache_hit_rate=0.00%, active=0, errors=0"}
{"level":"info","ts":1762191728.542953,"caller":"services/performance_monitor.go:360","msg":"Performance Stats: requests=0, avg_duration=0s, cache_hit_rate=0.00%, active=0, errors=0"}
{"level":"info","ts":1762191788.543042,"caller":"services/performance_monitor.go:360","msg":"Performance Stats: requests=0, avg_duration=0s, cache_hit_rate=0.00%, active=0, errors=0"}
{"level":"info","ts":1762192831.009019,"caller":"services/performance_monitor.go:360","msg":"Performance Stats: requests=0, avg_duration=0s, cache_hit_rate=0.00%, active=0, errors=0"}
{"level":"info","ts":1762193405.6061099,"caller":"services/performance_monitor.go:360","msg":"Performance Stats: requests=0, avg_duration=0s, cache_hit_rate=0.00%, active=0, errors=0"}
{"level":"info","ts":1762193465.597135,"caller":"services/performance_monitor.go:360","msg":"Performance Stats: requests=0, avg_duration=0s, cache_hit_rate=0.00%, active=0, errors=0"}
{"level":"info","ts":1762193525.596694,"caller":"services/performance_monitor.go:360","msg":"Performance Stats: requests=0, avg_duration=0s, cache_hit_rate=0.00%, active=0, errors=0"}
{"level":"info","ts":1762193585.5970612,"caller":"services/performance_monitor.go:360","msg":"Performance Stats: requests=0, avg_duration=0s, cache_hit_rate=0.00%, active=0, errors=0"}
{"level":"info","ts":1762193645.595718,"caller":"services/performance_monitor.go:360","msg":"Performance Stats: requests=0, avg_duration=0s, cache_hit_rate=0.00%, active=0, errors=0"}
{"level":"info","ts":1762193705.59608,"caller":"services/performance_monitor.go:360","msg":"Performance Stats: requests=0, avg_duration=0s, cache_hit_rate=0.00%, active=0, errors=0"}
{"level":"info","ts":1762193765.595683,"caller":"services/performance_monitor.go:360","msg":"Performance Stats: requests=0, avg_duration=0s, cache_hit_rate=0.00%, active=0, errors=0"}
{"level":"info","ts":1762193825.595062,"caller":"services/performance_monitor.go:360","msg":"Performance Stats: requests=0, avg_duration=0s, cache_hit_rate=0.00%, active=0, errors=0"}
{"level":"info","ts":1762193885.594711,"caller":"services/performance_monitor.go:360","msg":"Performance Stats: requests=0, avg_duration=0s, cache_hit_rate=0.00%, active=0, errors=0"}
{"level":"info","ts":1762193945.594395,"caller":"services/performance_monitor.go:360","msg":"Performance Stats: requests=0, avg_duration=0s, cache_hit_rate=0.00%, active=0, errors=0"}
{"level":"info","ts":1762194005.593823,"caller":"services/performance_monitor.go:360","msg":"Performance Stats: requests=0, avg_duration=0s, cache_hit_rate=0.00%, active=0, errors=0"}
{"level":"info","ts":1762194065.593377,"caller":"services/performance_monitor.go:360","msg":"Performance Stats: requests=0, avg_duration=0s, cache_hit_rate=0.00%, active=0, errors=0"}
{"level":"info","ts":1762194125.593194,"caller":"services/performance_monitor.go:360","msg":"Performance Stats: requests=0, avg_duration=0s, cache_hit_rate=0.00%, active=0, errors=0"}
[REQ] GET /api/edge-types Headers:Content-Type=,Authorization=,Origin=,X-Tenant-ID=910638ba-a459-4a3f-bb2d-78391b0595f6,X-Tenant-Datasource-ID=982aef38-418f-46dc-acd0-35fe8f3b97b0 Body:
{"level":"info","ts":1762194152.708341,"caller":"audit/service.go:116","msg":"Audit event logged","event_id":"d6be3cbc-629d-4572-bd4d-f97572a7d64f","event_type":"data_access","user_id":"anonymous","resource_type":"api_endpoint","resource_id":"/api/edge-types"}
Request completed in 17.965667ms
[REQ] GET /api/node-types Headers:Content-Type=,Authorization=,Origin=,X-Tenant-ID=910638ba-a459-4a3f-bb2d-78391b0595f6,X-Tenant-Datasource-ID=982aef38-418f-46dc-acd0-35fe8f3b97b0 Body:
{"level":"info","ts":1762194157.511347,"caller":"audit/service.go:116","msg":"Audit event logged","event_id":"4ddf65cf-8e8c-44a5-8b93-15988c045c80","event_type":"data_access","user_id":"anonymous","resource_type":"api_endpoint","resource_id":"/api/node-types"}
Request completed in 7.060583ms
{"level":"info","ts":1762194185.5927649,"caller":"services/performance_monitor.go:360","msg":"Performance Stats: requests=0, avg_duration=0s, cache_hit_rate=0.00%, active=0, errors=0"}
{"level":"info","ts":1762194245.591717,"caller":"services/performance_monitor.go:360","msg":"Performance Stats: requests=0, avg_duration=0s, cache_hit_rate=0.00%, active=0, errors=0"}
{"level":"info","ts":1762194305.593316,"caller":"services/performance_monitor.go:360","msg":"Performance Stats: requests=0, avg_duration=0s, cache_hit_rate=0.00%, active=0, errors=0"}
{"level":"info","ts":1762194365.591656,"caller":"services/performance_monitor.go:360","msg":"Performance Stats: requests=0, avg_duration=0s, cache_hit_rate=0.00%, active=0, errors=0"}
{"level":"info","ts":1762194425.591657,"caller":"services/performance_monitor.go:360","msg":"Performance Stats: requests=0, avg_duration=0s, cache_hit_rate=0.00%, active=0, errors=0"}
{"level":"info","ts":1762194485.591249,"caller":"services/performance_monitor.go:360","msg":"Performance Stats: requests=0, avg_duration=0s, cache_hit_rate=0.00%, active=0, errors=0"}
{"level":"info","ts":1762194545.590205,"caller":"services/performance_monitor.go:360","msg":"Performance Stats: requests=0, avg_duration=0s, cache_hit_rate=0.00%, active=0, errors=0"}
{"level":"info","ts":1762194605.5906591,"caller":"services/performance_monitor.go:360","msg":"Performance Stats: requests=0, avg_duration=0s, cache_hit_rate=0.00%, active=0, errors=0"}
{"level":"info","ts":1762194665.589626,"caller":"services/performance_monitor.go:360","msg":"Performance Stats: requests=0, avg_duration=0s, cache_hit_rate=0.00%, active=0, errors=0"}
{"level":"info","ts":1762194725.589972,"caller":"services/performance_monitor.go:360","msg":"Performance Stats: requests=0, avg_duration=0s, cache_hit_rate=0.00%, active=0, errors=0"}
{"level":"info","ts":1762194785.588948,"caller":"services/performance_monitor.go:360","msg":"Performance Stats: requests=0, avg_duration=0s, cache_hit_rate=0.00%, active=0, errors=0"}
{"level":"info","ts":1762194845.589427,"caller":"services/performance_monitor.go:360","msg":"Performance Stats: requests=0, avg_duration=0s, cache_hit_rate=0.00%, active=0, errors=0"}
{"level":"info","ts":1762194905.5878432,"caller":"services/performance_monitor.go:360","msg":"Performance Stats: requests=0, avg_duration=0s, cache_hit_rate=0.00%, active=0, errors=0"}
{"level":"info","ts":1762194965.588395,"caller":"services/performance_monitor.go:360","msg":"Performance Stats: requests=0, avg_duration=0s, cache_hit_rate=0.00%, active=0, errors=0"}
{"level":"info","ts":1762195025.5892532,"caller":"services/performance_monitor.go:360","msg":"Performance Stats: requests=0, avg_duration=0s, cache_hit_rate=0.00%, active=0, errors=0"}
{"level":"info","ts":1762195085.587123,"caller":"services/performance_monitor.go:360","msg":"Performance Stats: requests=0, avg_duration=0s, cache_hit_rate=0.00%, active=0, errors=0"}
{"level":"info","ts":1762195145.587374,"caller":"services/performance_monitor.go:360","msg":"Performance Stats: requests=0, avg_duration=0s, cache_hit_rate=0.00%, active=0, errors=0"}
{"level":"info","ts":1762195205.5869482,"caller":"services/performance_monitor.go:360","msg":"Performance Stats: requests=0, avg_duration=0s, cache_hit_rate=0.00%, active=0, errors=0"}
{"level":"info","ts":1762195265.586945,"caller":"services/performance_monitor.go:360","msg":"Performance Stats: requests=0, avg_duration=0s, cache_hit_rate=0.00%, active=0, errors=0"}
{"level":"info","ts":1762195325.608192,"caller":"services/performance_monitor.go:360","msg":"Performance Stats: requests=0, avg_duration=0s, cache_hit_rate=0.00%, active=0, errors=0"}
{"level":"info","ts":1762195385.609986,"caller":"services/performance_monitor.go:360","msg":"Performance Stats: requests=0, avg_duration=0s, cache_hit_rate=0.00%, active=0, errors=0"}
{"level":"info","ts":1762195445.609817,"caller":"services/performance_monitor.go:360","msg":"Performance Stats: requests=0, avg_duration=0s, cache_hit_rate=0.00%, active=0, errors=0"}
{"level":"info","ts":1762195505.6098938,"caller":"services/performance_monitor.go:360","msg":"Performance Stats: requests=0, avg_duration=0s, cache_hit_rate=0.00%, active=0, errors=0"}
{"level":"info","ts":1762195565.6098099,"caller":"services/performance_monitor.go:360","msg":"Performance Stats: requests=0, avg_duration=0s, cache_hit_rate=0.00%, active=0, errors=0"}
{"level":"info","ts":1762195625.61043,"caller":"services/performance_monitor.go:360","msg":"Performance Stats: requests=0, avg_duration=0s, cache_hit_rate=0.00%, active=0, errors=0"}
{"level":"info","ts":1762195685.609843,"caller":"services/performance_monitor.go:360","msg":"Performance Stats: requests=0, avg_duration=0s, cache_hit_rate=0.00%, active=0, errors=0"}
{"level":"info","ts":1762195745.610249,"caller":"services/performance_monitor.go:360","msg":"Performance Stats: requests=0, avg_duration=0s, cache_hit_rate=0.00%, active=0, errors=0"}
{"level":"info","ts":1762195805.6107159,"caller":"services/performance_monitor.go:360","msg":"Performance Stats: requests=0, avg_duration=0s, cache_hit_rate=0.00%, active=0, errors=0"}
{"level":"info","ts":1762195865.610585,"caller":"services/performance_monitor.go:360","msg":"Performance Stats: requests=0, avg_duration=0s, cache_hit_rate=0.00%, active=0, errors=0"}
{"level":"info","ts":1762195925.610157,"caller":"services/performance_monitor.go:360","msg":"Performance Stats: requests=0, avg_duration=0s, cache_hit_rate=0.00%, active=0, errors=0"}
{"level":"info","ts":1762195985.6108968,"caller":"services/performance_monitor.go:360","msg":"Performance Stats: requests=0, avg_duration=0s, cache_hit_rate=0.00%, active=0, errors=0"}
{"level":"info","ts":1762196045.61062,"caller":"services/performance_monitor.go:360","msg":"Performance Stats: requests=0, avg_duration=0s, cache_hit_rate=0.00%, active=0, errors=0"}
{"level":"info","ts":1762196105.610753,"caller":"services/performance_monitor.go:360","msg":"Performance Stats: requests=0, avg_duration=0s, cache_hit_rate=0.00%, active=0, errors=0"}
{"level":"info","ts":1762196165.610063,"caller":"services/performance_monitor.go:360","msg":"Performance Stats: requests=0, avg_duration=0s, cache_hit_rate=0.00%, active=0, errors=0"}
{"level":"info","ts":1762196225.610643,"caller":"services/performance_monitor.go:360","msg":"Performance Stats: requests=0, avg_duration=0s, cache_hit_rate=0.00%, active=0, errors=0"}
{"level":"info","ts":1762196285.611097,"caller":"services/performance_monitor.go:360","msg":"Performance Stats: requests=0, avg_duration=0s, cache_hit_rate=0.00%, active=0, errors=0"}
{"level":"info","ts":1762196345.611231,"caller":"services/performance_monitor.go:360","msg":"Performance Stats: requests=0, avg_duration=0s, cache_hit_rate=0.00%, active=0, errors=0"}
{"level":"info","ts":1762196405.6111438,"caller":"services/performance_monitor.go:360","msg":"Performance Stats: requests=0, avg_duration=0s, cache_hit_rate=0.00%, active=0, errors=0"}
{"level":"info","ts":1762196465.6117702,"caller":"services/performance_monitor.go:360","msg":"Performance Stats: requests=0, avg_duration=0s, cache_hit_rate=0.00%, active=0, errors=0"}
{"level":"info","ts":1762196525.611854,"caller":"services/performance_monitor.go:360","msg":"Performance Stats: requests=0, avg_duration=0s, cache_hit_rate=0.00%, active=0, errors=0"}
{"level":"info","ts":1762196585.6119769,"caller":"services/performance_monitor.go:360","msg":"Performance Stats: requests=0, avg_duration=0s, cache_hit_rate=0.00%, active=0, errors=0"}
{"level":"info","ts":1762196645.611537,"caller":"services/performance_monitor.go:360","msg":"Performance Stats: requests=0, avg_duration=0s, cache_hit_rate=0.00%, active=0, errors=0"}
{"level":"info","ts":1762196705.612202,"caller":"services/performance_monitor.go:360","msg":"Performance Stats: requests=0, avg_duration=0s, cache_hit_rate=0.00%, active=0, errors=0"}
{"level":"info","ts":1762196765.612245,"caller":"services/performance_monitor.go:360","msg":"Performance Stats: requests=0, avg_duration=0s, cache_hit_rate=0.00%, active=0, errors=0"}
{"level":"info","ts":1762196825.613745,"caller":"services/performance_monitor.go:360","msg":"Performance Stats: requests=0, avg_duration=0s, cache_hit_rate=0.00%, active=0, errors=0"}
{"level":"info","ts":1762196885.61434,"caller":"services/performance_monitor.go:360","msg":"Performance Stats: requests=0, avg_duration=0s, cache_hit_rate=0.00%, active=0, errors=0"}
{"level":"info","ts":1762196945.611989,"caller":"services/performance_monitor.go:360","msg":"Performance Stats: requests=0, avg_duration=0s, cache_hit_rate=0.00%, active=0, errors=0"}
{"level":"info","ts":1762197005.612128,"caller":"services/performance_monitor.go:360","msg":"Performance Stats: requests=0, avg_duration=0s, cache_hit_rate=0.00%, active=0, errors=0"}
{"level":"info","ts":1762197065.613734,"caller":"services/performance_monitor.go:360","msg":"Performance Stats: requests=0, avg_duration=0s, cache_hit_rate=0.00%, active=0, errors=0"}
{"level":"info","ts":1762197125.6118348,"caller":"services/performance_monitor.go:360","msg":"Performance Stats: requests=0, avg_duration=0s, cache_hit_rate=0.00%, active=0, errors=0"}
{"level":"info","ts":1762197185.61164,"caller":"services/performance_monitor.go:360","msg":"Performance Stats: requests=0, avg_duration=0s, cache_hit_rate=0.00%, active=0, errors=0"}
{"level":"info","ts":1762197245.613327,"caller":"services/performance_monitor.go:360","msg":"Performance Stats: requests=0, avg_duration=0s, cache_hit_rate=0.00%, active=0, errors=0"}
{"level":"info","ts":1762197305.612427,"caller":"services/performance_monitor.go:360","msg":"Performance Stats: requests=0, avg_duration=0s, cache_hit_rate=0.00%, active=0, errors=0"}
{"level":"info","ts":1762197365.613272,"caller":"services/performance_monitor.go:360","msg":"Performance Stats: requests=0, avg_duration=0s, cache_hit_rate=0.00%, active=0, errors=0"}
{"level":"info","ts":1762197425.613761,"caller":"services/performance_monitor.go:360","msg":"Performance Stats: requests=0, avg_duration=0s, cache_hit_rate=0.00%, active=0, errors=0"}
{"level":"info","ts":1762197485.613985,"caller":"services/performance_monitor.go:360","msg":"Performance Stats: requests=0, avg_duration=0s, cache_hit_rate=0.00%, active=0, errors=0"}
{"level":"info","ts":1762197545.61924,"caller":"services/performance_monitor.go:360","msg":"Performance Stats: requests=0, avg_duration=0s, cache_hit_rate=0.00%, active=0, errors=0"}
{"level":"info","ts":1762197605.613523,"caller":"services/performance_monitor.go:360","msg":"Performance Stats: requests=0, avg_duration=0s, cache_hit_rate=0.00%, active=0, errors=0"}
{"level":"info","ts":1762197665.61316,"caller":"services/performance_monitor.go:360","msg":"Performance Stats: requests=0, avg_duration=0s, cache_hit_rate=0.00%, active=0, errors=0"}
{"level":"info","ts":1762197725.61289,"caller":"services/performance_monitor.go:360","msg":"Performance Stats: requests=0, avg_duration=0s, cache_hit_rate=0.00%, active=0, errors=0"}
{"level":"info","ts":1762197785.614222,"caller":"services/performance_monitor.go:360","msg":"Performance Stats: requests=0, avg_duration=0s, cache_hit_rate=0.00%, active=0, errors=0"}
{"level":"info","ts":1762197845.613728,"caller":"services/performance_monitor.go:360","msg":"Performance Stats: requests=0, avg_duration=0s, cache_hit_rate=0.00%, active=0, errors=0"}
{"level":"info","ts":1762197905.614048,"caller":"services/performance_monitor.go:360","msg":"Performance Stats: requests=0, avg_duration=0s, cache_hit_rate=0.00%, active=0, errors=0"}
{"level":"info","ts":1762197965.613746,"caller":"services/performance_monitor.go:360","msg":"Performance Stats: requests=0, avg_duration=0s, cache_hit_rate=0.00%, active=0, errors=0"}
{"level":"info","ts":1762198025.614507,"caller":"services/performance_monitor.go:360","msg":"Performance Stats: requests=0, avg_duration=0s, cache_hit_rate=0.00%, active=0, errors=0"}
{"level":"info","ts":1762198085.6129658,"caller":"services/performance_monitor.go:360","msg":"Performance Stats: requests=0, avg_duration=0s, cache_hit_rate=0.00%, active=0, errors=0"}
{"level":"info","ts":1762198145.6107981,"caller":"services/performance_monitor.go:360","msg":"Performance Stats: requests=0, avg_duration=0s, cache_hit_rate=0.00%, active=0, errors=0"}
{"level":"info","ts":1762198205.611476,"caller":"services/performance_monitor.go:360","msg":"Performance Stats: requests=0, avg_duration=0s, cache_hit_rate=0.00%, active=0, errors=0"}
{"level":"info","ts":1762198265.61201,"caller":"services/performance_monitor.go:360","msg":"Performance Stats: requests=0, avg_duration=0s, cache_hit_rate=0.00%, active=0, errors=0"}
{"level":"info","ts":1762198325.611624,"caller":"services/performance_monitor.go:360","msg":"Performance Stats: requests=0, avg_duration=0s, cache_hit_rate=0.00%, active=0, errors=0"}
{"level":"info","ts":1762198385.6118138,"caller":"services/performance_monitor.go:360","msg":"Performance Stats: requests=0, avg_duration=0s, cache_hit_rate=0.00%, active=0, errors=0"}
{"level":"info","ts":1762198445.6106298,"caller":"services/performance_monitor.go:360","msg":"Performance Stats: requests=0, avg_duration=0s, cache_hit_rate=0.00%, active=0, errors=0"}
{"level":"info","ts":1762198505.6116931,"caller":"services/performance_monitor.go:360","msg":"Performance Stats: requests=0, avg_duration=0s, cache_hit_rate=0.00%, active=0, errors=0"}
{"level":"info","ts":1762198565.6114979,"caller":"services/performance_monitor.go:360","msg":"Performance Stats: requests=0, avg_duration=0s, cache_hit_rate=0.00%, active=0, errors=0"}
{"level":"info","ts":1762198625.612034,"caller":"services/performance_monitor.go:360","msg":"Performance Stats: requests=0, avg_duration=0s, cache_hit_rate=0.00%, active=0, errors=0"}
{"level":"info","ts":1762198685.611954,"caller":"services/performance_monitor.go:360","msg":"Performance Stats: requests=0, avg_duration=0s, cache_hit_rate=0.00%, active=0, errors=0"}
{"level":"info","ts":1762198745.612194,"caller":"services/performance_monitor.go:360","msg":"Performance Stats: requests=0, avg_duration=0s, cache_hit_rate=0.00%, active=0, errors=0"}
{"level":"info","ts":1762198805.612233,"caller":"services/performance_monitor.go:360","msg":"Performance Stats: requests=0, avg_duration=0s, cache_hit_rate=0.00%, active=0, errors=0"}
{"level":"info","ts":1762198865.611926,"caller":"services/performance_monitor.go:360","msg":"Performance Stats: requests=0, avg_duration=0s, cache_hit_rate=0.00%, active=0, errors=0"}
{"level":"info","ts":1762198925.611125,"caller":"services/performance_monitor.go:360","msg":"Performance Stats: requests=0, avg_duration=0s, cache_hit_rate=0.00%, active=0, errors=0"}
{"level":"info","ts":1762198985.6124082,"caller":"services/performance_monitor.go:360","msg":"Performance Stats: requests=0, avg_duration=0s, cache_hit_rate=0.00%, active=0, errors=0"}
{"level":"info","ts":1762199045.612473,"caller":"services/performance_monitor.go:360","msg":"Performance Stats: requests=0, avg_duration=0s, cache_hit_rate=0.00%, active=0, errors=0"}
{"level":"info","ts":1762199105.6123688,"caller":"services/performance_monitor.go:360","msg":"Performance Stats: requests=0, avg_duration=0s, cache_hit_rate=0.00%, active=0, errors=0"}
{"level":"info","ts":1762199165.611758,"caller":"services/performance_monitor.go:360","msg":"Performance Stats: requests=0, avg_duration=0s, cache_hit_rate=0.00%, active=0, errors=0"}
{"level":"info","ts":1762199225.6141,"caller":"services/performance_monitor.go:360","msg":"Performance Stats: requests=0, avg_duration=0s, cache_hit_rate=0.00%, active=0, errors=0"}
{"level":"info","ts":1762199285.6121888,"caller":"services/performance_monitor.go:360","msg":"Performance Stats: requests=0, avg_duration=0s, cache_hit_rate=0.00%, active=0, errors=0"}
{"level":"info","ts":1762199345.612243,"caller":"services/performance_monitor.go:360","msg":"Performance Stats: requests=0, avg_duration=0s, cache_hit_rate=0.00%, active=0, errors=0"}
{"level":"info","ts":1762199405.612467,"caller":"services/performance_monitor.go:360","msg":"Performance Stats: requests=0, avg_duration=0s, cache_hit_rate=0.00%, active=0, errors=0"}
{"level":"info","ts":1762199465.612822,"caller":"services/performance_monitor.go:360","msg":"Performance Stats: requests=0, avg_duration=0s, cache_hit_rate=0.00%, active=0, errors=0"}
{"level":"info","ts":1762199525.6126988,"caller":"services/performance_monitor.go:360","msg":"Performance Stats: requests=0, avg_duration=0s, cache_hit_rate=0.00%, active=0, errors=0"}
{"level":"info","ts":1762199585.6124601,"caller":"services/performance_monitor.go:360","msg":"Performance Stats: requests=0, avg_duration=0s, cache_hit_rate=0.00%, active=0, errors=0"}
{"level":"info","ts":1762199645.612041,"caller":"services/performance_monitor.go:360","msg":"Performance Stats: requests=0, avg_duration=0s, cache_hit_rate=0.00%, active=0, errors=0"}
{"level":"info","ts":1762199705.612266,"caller":"services/performance_monitor.go:360","msg":"Performance Stats: requests=0, avg_duration=0s, cache_hit_rate=0.00%, active=0, errors=0"}
{"level":"info","ts":1762199765.613002,"caller":"services/performance_monitor.go:360","msg":"Performance Stats: requests=0, avg_duration=0s, cache_hit_rate=0.00%, active=0, errors=0"}
{"level":"info","ts":1762199825.612902,"caller":"services/performance_monitor.go:360","msg":"Performance Stats: requests=0, avg_duration=0s, cache_hit_rate=0.00%, active=0, errors=0"}
{"level":"info","ts":1762199885.6128619,"caller":"services/performance_monitor.go:360","msg":"Performance Stats: requests=0, avg_duration=0s, cache_hit_rate=0.00%, active=0, errors=0"}
{"level":"info","ts":1762199945.613315,"caller":"services/performance_monitor.go:360","msg":"Performance Stats: requests=0, avg_duration=0s, cache_hit_rate=0.00%, active=0, errors=0"}
{"level":"info","ts":1762200005.612927,"caller":"services/performance_monitor.go:360","msg":"Performance Stats: requests=0, avg_duration=0s, cache_hit_rate=0.00%, active=0, errors=0"}
{"level":"info","ts":1762200065.613813,"caller":"services/performance_monitor.go:360","msg":"Performance Stats: requests=0, avg_duration=0s, cache_hit_rate=0.00%, active=0, errors=0"}
{"level":"info","ts":1762200125.6125472,"caller":"services/performance_monitor.go:360","msg":"Performance Stats: requests=0, avg_duration=0s, cache_hit_rate=0.00%, active=0, errors=0"}
{"level":"info","ts":1762200185.612413,"caller":"services/performance_monitor.go:360","msg":"Performance Stats: requests=0, avg_duration=0s, cache_hit_rate=0.00%, active=0, errors=0"}
{"level":"info","ts":1762200245.6132412,"caller":"services/performance_monitor.go:360","msg":"Performance Stats: requests=0, avg_duration=0s, cache_hit_rate=0.00%, active=0, errors=0"}
{"level":"info","ts":1762200305.6133351,"caller":"services/performance_monitor.go:360","msg":"Performance Stats: requests=0, avg_duration=0s, cache_hit_rate=0.00%, active=0, errors=0"}
{"level":"info","ts":1762200365.613622,"caller":"services/performance_monitor.go:360","msg":"Performance Stats: requests=0, avg_duration=0s, cache_hit_rate=0.00%, active=0, errors=0"}
{"level":"info","ts":1762200425.613609,"caller":"services/performance_monitor.go:360","msg":"Performance Stats: requests=0, avg_duration=0s, cache_hit_rate=0.00%, active=0, errors=0"}
{"level":"info","ts":1762200485.6128252,"caller":"services/performance_monitor.go:360","msg":"Performance Stats: requests=0, avg_duration=0s, cache_hit_rate=0.00%, active=0, errors=0"}
{"level":"info","ts":1762200545.614184,"caller":"services/performance_monitor.go:360","msg":"Performance Stats: requests=0, avg_duration=0s, cache_hit_rate=0.00%, active=0, errors=0"}
[REQ] GET /api/edge-types Headers:Content-Type=,Authorization=,Origin=,X-Tenant-ID=910638ba-a459-4a3f-bb2d-78391b0595f6,X-Tenant-Datasource-ID=982aef38-418f-46dc-acd0-35fe8f3b97b0 Body:
{"level":"info","ts":1762200583.13632,"caller":"audit/service.go:116","msg":"Audit event logged","event_id":"ed51b49a-2ebd-4732-b558-b02d4e3e3913","event_type":"data_access","user_id":"anonymous","resource_type":"api_endpoint","resource_id":"/api/edge-types"}
Request completed in 17.38325ms
[REQ] GET /api/node-types Headers:Content-Type=,Authorization=,Origin=,X-Tenant-ID=910638ba-a459-4a3f-bb2d-78391b0595f6,X-Tenant-Datasource-ID=982aef38-418f-46dc-acd0-35fe8f3b97b0 Body:
{"level":"info","ts":1762200602.641509,"caller":"audit/service.go:116","msg":"Audit event logged","event_id":"75d60f92-03d4-4610-88a0-912670b3a332","event_type":"data_access","user_id":"anonymous","resource_type":"api_endpoint","resource_id":"/api/node-types"}
Request completed in 5.113625ms
{"level":"info","ts":1762200605.613884,"caller":"services/performance_monitor.go:360","msg":"Performance Stats: requests=0, avg_duration=0s, cache_hit_rate=0.00%, active=0, errors=0"}
{"level":"info","ts":1762200665.6137412,"caller":"services/performance_monitor.go:360","msg":"Performance Stats: requests=0, avg_duration=0s, cache_hit_rate=0.00%, active=0, errors=0"}
{"level":"info","ts":1762200725.6130922,"caller":"services/performance_monitor.go:360","msg":"Performance Stats: requests=0, avg_duration=0s, cache_hit_rate=0.00%, active=0, errors=0"}
{"level":"info","ts":1762200785.613077,"caller":"services/performance_monitor.go:360","msg":"Performance Stats: requests=0, avg_duration=0s, cache_hit_rate=0.00%, active=0, errors=0"}
{"level":"info","ts":1762200845.613924,"caller":"services/performance_monitor.go:360","msg":"Performance Stats: requests=0, avg_duration=0s, cache_hit_rate=0.00%, active=0, errors=0"}
{"level":"info","ts":1762200905.619193,"caller":"services/performance_monitor.go:360","msg":"Performance Stats: requests=0, avg_duration=0s, cache_hit_rate=0.00%, active=0, errors=0"}
{"level":"info","ts":1762200965.6192288,"caller":"services/performance_monitor.go:360","msg":"Performance Stats: requests=0, avg_duration=0s, cache_hit_rate=0.00%, active=0, errors=0"}
{"level":"info","ts":1762201025.619811,"caller":"services/performance_monitor.go:360","msg":"Performance Stats: requests=0, avg_duration=0s, cache_hit_rate=0.00%, active=0, errors=0"}
{"level":"info","ts":1762201085.6196868,"caller":"services/performance_monitor.go:360","msg":"Performance Stats: requests=0, avg_duration=0s, cache_hit_rate=0.00%, active=0, errors=0"}
{"level":"info","ts":1762201145.619634,"caller":"services/performance_monitor.go:360","msg":"Performance Stats: requests=0, avg_duration=0s, cache_hit_rate=0.00%, active=0, errors=0"}
[REQ] GET /api/edge-types Headers:Content-Type=application/json,Authorization=,Origin=,X-Tenant-ID=910638ba-a459-4a3f-bb2d-78391b0595f6,X-Tenant-Datasource-ID=982aef38-418f-46dc-acd0-35fe8f3b97b0 Body:
{"level":"info","ts":1762201203.8610601,"caller":"audit/service.go:116","msg":"Audit event logged","event_id":"1b902595-3e5d-4a2a-9bd9-3c35ba03e3af","event_type":"data_access","user_id":"anonymous","resource_type":"api_endpoint","resource_id":"/api/edge-types"}
Request completed in 12.347542ms
{"level":"info","ts":1762201205.619711,"caller":"services/performance_monitor.go:360","msg":"Performance Stats: requests=0, avg_duration=0s, cache_hit_rate=0.00%, active=0, errors=0"}
[REQ] GET /api/edge-types Headers:Content-Type=application/json,Authorization=,Origin=,X-Tenant-ID=910638ba-a459-4a3f-bb2d-78391b0595f6,X-Tenant-Datasource-ID=982aef38-418f-46dc-acd0-35fe8f3b97b0 Body:
{"level":"info","ts":1762201211.2415519,"caller":"audit/service.go:116","msg":"Audit event logged","event_id":"35eb6988-4116-4a30-bdb8-ae17b7ad9a58","event_type":"data_access","user_id":"anonymous","resource_type":"api_endpoint","resource_id":"/api/edge-types"}
Request completed in 4.910708ms
[REQ] GET /api/node-types Headers:Content-Type=application/json,Authorization=,Origin=,X-Tenant-ID=910638ba-a459-4a3f-bb2d-78391b0595f6,X-Tenant-Datasource-ID=982aef38-418f-46dc-acd0-35fe8f3b97b0 Body:
{"level":"info","ts":1762201217.754345,"caller":"audit/service.go:116","msg":"Audit event logged","event_id":"9c6fff97-5111-45b9-80bd-ddb80ab53065","event_type":"data_access","user_id":"anonymous","resource_type":"api_endpoint","resource_id":"/api/node-types"}
Request completed in 4.555208ms
{"level":"info","ts":1762201265.619871,"caller":"services/performance_monitor.go:360","msg":"Performance Stats: requests=0, avg_duration=0s, cache_hit_rate=0.00%, active=0, errors=0"}
{"level":"info","ts":1762201325.6199858,"caller":"services/performance_monitor.go:360","msg":"Performance Stats: requests=0, avg_duration=0s, cache_hit_rate=0.00%, active=0, errors=0"}
{"level":"info","ts":1762201385.620734,"caller":"services/performance_monitor.go:360","msg":"Performance Stats: requests=0, avg_duration=0s, cache_hit_rate=0.00%, active=0, errors=0"}
{"level":"info","ts":1762201445.62015,"caller":"services/performance_monitor.go:360","msg":"Performance Stats: requests=0, avg_duration=0s, cache_hit_rate=0.00%, active=0, errors=0"}
{"level":"info","ts":1762201505.6196768,"caller":"services/performance_monitor.go:360","msg":"Performance Stats: requests=0, avg_duration=0s, cache_hit_rate=0.00%, active=0, errors=0"}
